<?xml version="1.0" encoding="UTF-8"?>
<!-- Generated by org.testng.reporters.JUnitXMLReporter -->
<testsuite ignored="0" hostname="DESKTOP-FR930K3" failures="0" tests="3" name="Default test" time="0.021" errors="0" timestamp="2024-11-20T10:25:05 ICT">
  <testcase classname="batchtesting.PaymentTest" name="paymentInDollor" time="0.002"/>
  <testcase classname="batchtesting.PaymentTest" name="paymentInruppess" time="0.002"/>
  <testcase classname="batchtesting.PaymentReturnTest" name="paymentReturnByBank" time="0.0"/>
</testsuite> <!-- Default test -->
