<?xml version="1.0" encoding="UTF-8"?>
<testng-results ignored="0" total="3" passed="3" failed="0" skipped="0">
  <reporter-output>
  </reporter-output>
  <suite started-at="2024-11-21T14:09:05 ICT" name="Default suite" finished-at="2024-11-21T14:09:06 ICT" duration-ms="104">
    <groups>
    </groups>
    <test started-at="2024-11-21T14:09:05 ICT" name="Default test" finished-at="2024-11-21T14:09:06 ICT" duration-ms="104">
      <class name="batchtesting.LoginTest">
        <test-method signature="loginByEmail()[pri:0, instance:batchtesting.LoginTest@3cce5371]" started-at="2024-11-21T14:09:06 ICT" name="loginByEmail" finished-at="2024-11-21T14:09:06 ICT" duration-ms="12" status="PASS">
          <reporter-output>
          </reporter-output>
        </test-method> <!-- loginByEmail -->
        <test-method signature="loginByFacebook()[pri:0, instance:batchtesting.LoginTest@3cce5371]" started-at="2024-11-21T14:09:06 ICT" name="loginByFacebook" finished-at="2024-11-21T14:09:06 ICT" duration-ms="4" status="PASS">
          <reporter-output>
          </reporter-output>
        </test-method> <!-- loginByFacebook -->
        <test-method signature="loginByTweeter()[pri:0, instance:batchtesting.LoginTest@3cce5371]" started-at="2024-11-21T14:09:06 ICT" name="loginByTweeter" finished-at="2024-11-21T14:09:06 ICT" duration-ms="2" status="PASS">
          <reporter-output>
          </reporter-output>
        </test-method> <!-- loginByTweeter -->
      </class> <!-- batchtesting.LoginTest -->
    </test> <!-- Default test -->
  </suite> <!-- Default suite -->
</testng-results>
